
ROM used:   288/8192 (4%)
            288/8192 (4%) including unused fragments

            0.2 Average locations per line
            1.6 Average locations per statement

RAM used:   21/368 (6%) at main() level
            21/368 (6%) worst case

Stack used: 1 worst case (0 in main + 1 for interrupts)
Stack size: 8

Lines Stmts  %   Files
----- ----- ---  -----
  193    52  29  bluetooth_driving_exam.c
    5     0   0  bluetooth_driving_exam.h
  786     0   0  C:\Program Files (x86)\PICC\Devices\16F887.h
  435   129  71  C:\Program Files (x86)\PICC\Drivers\string.h
   32     0   0  C:\Program Files (x86)\PICC\Drivers\stddef.h
   28     0   0  C:\Program Files (x86)\PICC\Drivers\ctype.h
----- -----
 1479   181 Total

Page ROM  %  RAM    Vol Diff  Functions:
---- --- --- ---    --- ----  ----------
0     15   5    0     48  1.1  Init
0     43  15    0    169  4.0  interupt_timer0
 Inline         0     33  1.3  Go_Straight
 Inline         0     33  1.3  Turn_Left
0      3   1    0     33  1.3  Stop_Run
 Inline         0     33  1.3  Turn_Right
 Inline         0     33  1.3  Go_Down
 Inline         0     33  1.3  R_Right
 Inline         0     33  1.3  L_Left
0     60  21    0    319  3.6  interupt_rda
0    111  39    0    282  2.8  MAIN
 Inline         0             @cinit1

Program metrics:
    Functions               11
    Statements              181
    Comments                365
    Volume (V)              1796
    Difficulty (D)          21.6
    Effort to implement (E) 38716
    Time to implement (T)   36 minutes
    Est Delivered Bugs (B)  0
    Cyclomatic Complexity   8
    Maintainability (MI)    123

 Segment     Used  Free
-----------  ----  ----
00000-00003     4  0  
00004-00037    52  0  
00038-007FF   232  1760  
00800-00FFF     0  2048  
01000-017FF     0  2048  
01800-01FFF     0  2048  



