
ROM used:   868/8192 (11%)
            868/8192 (11%) including unused fragments

            1.0 Average locations per line
            15.5 Average locations per statement

RAM used:   20/368 (5%) at main() level
            33/368 (9%) worst case

Stack used: 1 worst case (0 in main + 1 for interrupts)
Stack size: 8

Lines Stmts  %   Files
----- ----- ---  -----
   94    56 100  main_1.c
    5     0   0  main_1.h
  786     0   0  C:\Program Files (x86)\PICC\Devices\16F887.h
----- -----
  885    56 Total

Page ROM  %  RAM    Vol Diff  Functions:
---- --- --- ---    --- ----  ----------
0     22   3    1             @delay_ms1
0      9   1    0     29  1.2  interupt_timer0
0     80   9    0    226  3.2  created_trigger
 Inline         2             @ITOF
0     73   8    0    284  4.6  Go_Straight
0     75   9    0    284  4.6  Turn_Left
0    174  20    1    552  5.6  MAIN
0    119  14   13             @MULFF
0    204  24   14             @DIVFF
0     65   7   10             @FLT
 Inline         0             @cinit1

Program metrics:
    Functions               5
    Statements              56
    Comments                149
    Volume (V)              1936
    Difficulty (D)          18.6
    Effort to implement (E) 36097
    Time to implement (T)   33 minutes
    Est Delivered Bugs (B)  0
    Cyclomatic Complexity   11
    Maintainability (MI)    142

 Segment     Used  Free
-----------  ----  ----
00000-00003     4  0  
00004-0002E    43  0  
0002F-007FF   821  1180  
00800-00FFF     0  2048  
01000-017FF     0  2048  
01800-01FFF     0  2048  



