
ROM used:   690/8192 (8%)
            690/8192 (8%) including unused fragments

            0.8 Average locations per line
            16.4 Average locations per statement

RAM used:   11/368 (3%) at main() level
            25/368 (7%) worst case

Stack used: 1 worst case (1 in main + 0 for interrupts)
Stack size: 8

Lines Stmts  %   Files
----- ----- ---  -----
   80    42 100  control RC Servo vs HCSR04.c
    5     0   0  control RC Servo vs HCSR04.h
  786     0   0  C:\Program Files (x86)\PICC\Devices\16F887.h
----- -----
  871    42 Total

Page ROM  %  RAM    Vol Diff  Functions:
---- --- --- ---    --- ----  ----------
 Inline         1             @delay_ms1
0     80  12    0    226  3.2  tao_xung_trigger
 Inline         2             @ITOF
0     22   3    0     86  1.3  set_up_port_ic_chot
0     37   5    0    152  1.8  Go_Straight
0     61   9    1    130  1.8  Turn_Left
0     98  14    0    223  4.2  MAIN
0    119  17   13             @MULFF
0    204  30   14             @DIVFF
0     65   9   10             @FLT
 Inline         0             @cinit1

Program metrics:
    Functions               5
    Statements              42
    Comments                142
    Volume (V)              1236
    Difficulty (D)          11.4
    Effort to implement (E) 14110
    Time to implement (T)   13 minutes
    Est Delivered Bugs (B)  0
    Cyclomatic Complexity   1
    Maintainability (MI)    154

 Segment     Used  Free
-----------  ----  ----
00000-00003     4  0  
00004-007FF   686  1358  
00800-00FFF     0  2048  
01000-017FF     0  2048  
01800-01FFF     0  2048  



